<?xml version="1.0" encoding="UTF-8"?>
<testng-results ignored="0" total="1" passed="1" failed="0" skipped="0">
  <reporter-output>
  </reporter-output>
  <suite started-at="2024-09-19T14:31:52 EDT" name="Surefire suite" finished-at="2024-09-19T14:31:52 EDT" duration-ms="41">
    <groups>
    </groups>
    <test started-at="2024-09-19T14:31:52 EDT" name="Surefire test" finished-at="2024-09-19T14:31:52 EDT" duration-ms="41">
      <class name="com.mycompany.app.AppTest">
        <test-method signature="shouldAnswerWithTrue()[pri:0, instance:com.mycompany.app.AppTest@41ee392b]" started-at="2024-09-19T14:31:52 EDT" name="shouldAnswerWithTrue" finished-at="2024-09-19T14:31:52 EDT" duration-ms="26" status="PASS">
          <reporter-output>
          </reporter-output>
        </test-method> <!-- shouldAnswerWithTrue -->
      </class> <!-- com.mycompany.app.AppTest -->
      <class name="com.mycompany.app.AbstractAppTest">
        <test-method is-config="true" signature="executeBeforeSuite()[pri:0, instance:com.mycompany.app.AbstractAppTest@c8e4bb0]" started-at="2024-09-19T14:31:52 EDT" name="executeBeforeSuite" finished-at="2024-09-19T14:31:52 EDT" duration-ms="5" status="PASS">
          <reporter-output>
          </reporter-output>
        </test-method> <!-- executeBeforeSuite -->
      </class> <!-- com.mycompany.app.AbstractAppTest -->
    </test> <!-- Surefire test -->
  </suite> <!-- Surefire suite -->
</testng-results>
