<?xml version="1.0" encoding="UTF-8"?>
<!-- Generated by org.testng.reporters.JUnitXMLReporter -->
<testsuite ignored="1" hostname="TU-PF4LXMCH" failures="0" tests="1" name="Surefire test" time="0.041" errors="0" timestamp="2024-09-19T14:31:52 EDT">
  <testcase classname="com.mycompany.app.AppTest" name="shouldAnswerWithTrue" time="0.026"/>
  <testcase classname="com.mycompany.app.AbstractAppTest" name="@BeforeSuite executeBeforeSuite" time="0.0">
    <ignored/>
  </testcase> <!-- @BeforeSuite executeBeforeSuite -->
</testsuite> <!-- Surefire test -->
